Temp/gradleOut/crashlytics-wrapper/build/outputs/logs/manifest-merger-debug-report.txt
-- Merging decision tree log ---
manifest
ADDED from gradleOut/crashlytics-wrapper/AndroidManifest.xml:2:1-5:12
INJECTED from gradleOut/crashlytics-wrapper/AndroidManifest.xml:2:1-5:12
INJECTED from gradleOut/crashlytics-wrapper/AndroidManifest.xml:2:1-5:12
	package
		ADDED from gradleOut/crashlytics-wrapper/AndroidManifest.xml:2:70-134
		INJECTED from gradleOut/crashlytics-wrapper/AndroidManifest.xml
		INJECTED from gradleOut/crashlytics-wrapper/AndroidManifest.xml
	xmlns:android
		ADDED from gradleOut/crashlytics-wrapper/AndroidManifest.xml:2:11-69
application
ADDED from gradleOut/crashlytics-wrapper/AndroidManifest.xml:3:3-4:17
uses-sdk
INJECTED from gradleOut/crashlytics-wrapper/AndroidManifest.xml reason: use-sdk injection requested
INJECTED from gradleOut/crashlytics-wrapper/AndroidManifest.xml
INJECTED from gradleOut/crashlytics-wrapper/AndroidManifest.xml
	android:targetSdkVersion
		INJECTED from gradleOut/crashlytics-wrapper/AndroidManifest.xml
		ADDED from gradleOut/crashlytics-wrapper/AndroidManifest.xml
		INJECTED from gradleOut/crashlytics-wrapper/AndroidManifest.xml